Failed to initialize database: AggregateError
    at internalConnectMultiple (node:net:1114:18)
    at afterConnectMultiple (node:net:1667:5) {
  code: 'ECONNREFUSED',
  [errors]: [
    Error: connect ECONNREFUSED ::1:5432
        at createConnectionError (node:net:1634:14)
        at afterConnectMultiple (node:net:1664:40) {
      errno: -4078,
      code: 'ECONNREFUSED',
      syscall: 'connect',
      address: '::1',
      port: 5432
    },
    Error: connect ECONNREFUSED 127.0.0.1:5432
        at createConnectionError (node:net:1634:14)
        at afterConnectMultiple (node:net:1664:40) {
      errno: -4078,
      code: 'ECONNREFUSED',
      syscall: 'connect',
      address: '127.0.0.1',
      port: 5432
    }
  ]
}
